<?xml version="1.0" encoding="UTF-8"?>
<!-- Generated by org.testng.reporters.JUnitXMLReporter -->
<testsuite ignored="0" hostname="DESKTOP-IASR4KE" failures="0" tests="2" name="Test" time="0.073" errors="0" timestamp="2022-01-10T11:00:22 ICT">
  <testcase classname="tests.BaseTest" name="@BeforeTest setUp" time="-1.641787222531E9">
    <failure type="org.testng.TestNGException" message="
Parameter &amp;apos;testname&amp;apos; is required by BeforeTest on method setUp but has not been marked @Optional or defined
in E:\Auto Test\HDDT\testsuite\testng.xml">
      <![CDATA[org.testng.TestNGException: 
Parameter 'testname' is required by BeforeTest on method setUp but has not been marked @Optional or defined
in E:\Auto Test\HDDT\testsuite\testng.xml
... Removed 21 stack frames]]>
    </failure>
  </testcase> <!-- @BeforeTest setUp -->
  <testcase classname="tests.BaseTest" name="@AfterTest tearDown" time="-1.641787222596E9">
    <skipped/>
  </testcase> <!-- @AfterTest tearDown -->
  <testcase classname="tests.LoginTest" name="loginWithBlankField" time="0.0">
    <skipped/>
  </testcase> <!-- loginWithBlankField -->
  <testcase classname="tests.LoginTest" name="loginByAdmin" time="0.0">
    <skipped/>
  </testcase> <!-- loginByAdmin -->
</testsuite> <!-- Test -->
